SF:lib\core\error\exception.dart
DA:4,1
DA:12,0
DA:20,1
DA:28,2
LF:4
LH:3
end_of_record
SF:lib\features\profile\data\datasources\remote_data.dart
DA:16,1
DA:20,1
DA:22,2
DA:23,2
DA:24,2
DA:25,2
DA:26,1
DA:27,2
DA:28,1
DA:29,2
DA:30,1
DA:32,1
DA:36,1
DA:38,2
DA:39,2
DA:40,2
DA:41,2
DA:42,1
DA:43,1
DA:44,2
DA:45,0
DA:47,1
LF:22
LH:21
end_of_record
SF:lib\features\profile\data\models\model_profile.dart
DA:11,1
DA:18,1
DA:20,1
DA:24,1
DA:25,1
DA:26,1
DA:27,1
DA:28,1
DA:29,1
DA:30,1
DA:34,0
DA:35,0
DA:36,0
DA:37,0
DA:38,0
DA:39,0
DA:40,0
DA:46,1
DA:47,1
DA:48,4
LF:20
LH:13
end_of_record
SF:lib\features\profile\domain\entities\data_profile.dart
DA:11,1
DA:13,1
DA:14,1
DA:15,1
DA:16,1
DA:17,1
DA:18,1
LF:7
LH:7
end_of_record
